<?xml version="1.0" encoding="UTF-8"?>
<!-- Generated by org.testng.reporters.JUnitXMLReporter -->
<testsuite ignored="0" hostname="DESKTOP-9E8RF97" failures="0" tests="3" name="Default test" time="13.062" errors="0" timestamp="2023-11-06T13:25:50 IST">
  <testcase classname="org.samp.Sample" name="fbBrowserLaunch" time="9.308"/>
  <testcase classname="org.samp.Sample" name="browserLaunchFB" time="3.676"/>
  <testcase classname="org.samp.Sample" name="printStatement" time="0.002"/>
</testsuite> <!-- Default test -->
