<?xml version="1.0" encoding="UTF-8"?>
<!-- Generated by org.testng.reporters.JUnitXMLReporter -->
<testsuite ignored="0" hostname="DESKTOP-9E8RF97" failures="0" tests="3" name="Test" time="14.826" errors="0" timestamp="2023-11-06T13:30:52 IST">
  <testcase classname="org.samp.Sample" name="fbBrowserLaunch" time="10.287"/>
  <testcase classname="org.samp.Sample" name="browserLaunchFB" time="4.468"/>
  <testcase classname="org.samp.Sample" name="printStatement" time="0.001"/>
</testsuite> <!-- Test -->
