<?xml version="1.0" encoding="UTF-8"?>
<testng-results ignored="0" total="3" passed="3" failed="0" skipped="0">
  <reporter-output>
  </reporter-output>
  <suite started-at="2023-11-06T13:30:37 IST" name="Suite" finished-at="2023-11-06T13:30:52 IST" duration-ms="14826">
    <groups>
    </groups>
    <test started-at="2023-11-06T13:30:37 IST" name="Test" finished-at="2023-11-06T13:30:52 IST" duration-ms="14826">
      <class name="org.samp.Sample">
        <test-method signature="fbBrowserLaunch()[pri:0, instance:org.samp.Sample@7c711375]" started-at="2023-11-06T13:30:37 IST" name="fbBrowserLaunch" finished-at="2023-11-06T13:30:47 IST" duration-ms="10287" status="PASS">
          <reporter-output>
          </reporter-output>
        </test-method> <!-- fbBrowserLaunch -->
        <test-method signature="browserLaunchFB()[pri:1, instance:org.samp.Sample@7c711375]" started-at="2023-11-06T13:30:47 IST" name="browserLaunchFB" finished-at="2023-11-06T13:30:52 IST" duration-ms="4468" status="PASS">
          <reporter-output>
          </reporter-output>
        </test-method> <!-- browserLaunchFB -->
        <test-method signature="printStatement()[pri:2, instance:org.samp.Sample@7c711375]" started-at="2023-11-06T13:30:52 IST" name="printStatement" finished-at="2023-11-06T13:30:52 IST" duration-ms="1" status="PASS">
          <reporter-output>
          </reporter-output>
        </test-method> <!-- printStatement -->
      </class> <!-- org.samp.Sample -->
    </test> <!-- Test -->
  </suite> <!-- Suite -->
</testng-results>
