<?xml version="1.0" encoding="UTF-8"?>
<testng-results ignored="0" total="3" passed="3" failed="0" skipped="0">
  <reporter-output>
  </reporter-output>
  <suite started-at="2023-11-06T13:25:37 IST" name="Default suite" finished-at="2023-11-06T13:25:50 IST" duration-ms="13062">
    <groups>
    </groups>
    <test started-at="2023-11-06T13:25:37 IST" name="Default test" finished-at="2023-11-06T13:25:50 IST" duration-ms="13062">
      <class name="org.samp.Sample">
        <test-method signature="fbBrowserLaunch()[pri:0, instance:org.samp.Sample@4f80542f]" started-at="2023-11-06T13:25:37 IST" name="fbBrowserLaunch" finished-at="2023-11-06T13:25:46 IST" duration-ms="9308" status="PASS">
          <reporter-output>
          </reporter-output>
        </test-method> <!-- fbBrowserLaunch -->
        <test-method signature="browserLaunchFB()[pri:1, instance:org.samp.Sample@4f80542f]" started-at="2023-11-06T13:25:46 IST" name="browserLaunchFB" finished-at="2023-11-06T13:25:50 IST" duration-ms="3676" status="PASS">
          <reporter-output>
          </reporter-output>
        </test-method> <!-- browserLaunchFB -->
        <test-method signature="printStatement()[pri:2, instance:org.samp.Sample@4f80542f]" started-at="2023-11-06T13:25:50 IST" name="printStatement" finished-at="2023-11-06T13:25:50 IST" duration-ms="2" status="PASS">
          <reporter-output>
          </reporter-output>
        </test-method> <!-- printStatement -->
      </class> <!-- org.samp.Sample -->
    </test> <!-- Default test -->
  </suite> <!-- Default suite -->
</testng-results>
